=========== System Properties ===========
Virtual address:       32 bits
Page index:            12 bits
DRAM address:          28 bits
Disk address:          48 bits
Virtual address space: 4294967296 B
DRAM address space:    268435456 B
Disk address space:    281474976710656 B
Page size:             4096 B
Total pages:           1048576
=========================================
* R 6ac840b2
***** Page fault! *****
[1] W DRAM[0]
PTE found (VA=6ac840b2 VPN=6ac84 PA=10b2)
Evicting TLB L1 entry i=0 VPN=0 PPN=0 valid=0 dirty=0...
[101] R DRAM[10b2]
* W 6ac84c96
[102] W DRAM[1c96]
* R 6ac844df
[103] R DRAM[14df]
* W 6ac84024
[104] W DRAM[1024]
* W 6ac846fb
[105] W DRAM[16fb]
* W 3fcae8a
***** Page fault! *****
[106] W DRAM[0]
PTE found (VA=3fcae8a VPN=3fca PA=2e8a)
Evicting TLB L1 entry i=1 VPN=0 PPN=0 valid=0 dirty=0...
[206] W DRAM[2e8a]
* R 262b21e6
***** Page fault! *****
[207] W DRAM[0]
PTE found (VA=262b21e6 VPN=262b2 PA=31e6)
Evicting TLB L1 entry i=2 VPN=0 PPN=0 valid=0 dirty=0...
[307] R DRAM[31e6]
* R 262b254d
[308] R DRAM[354d]
* R 262b22e5
[309] R DRAM[32e5]
* R 262b262f
[310] R DRAM[362f]
* W 262b2613
[311] W DRAM[3613]
* W 262b277e
[312] W DRAM[377e]
* R 918df2a6
***** Page fault! *****
[313] W DRAM[0]
PTE found (VA=918df2a6 VPN=918df PA=42a6)
Evicting TLB L1 entry i=3 VPN=0 PPN=0 valid=0 dirty=0...
[413] R DRAM[42a6]
* W 918df680
[414] W DRAM[4680]
* W 918df92c
[415] W DRAM[492c]
* R 918df453
[416] R DRAM[4453]
* R 918df1ca
[417] R DRAM[41ca]
* R 918dfec9
[418] R DRAM[4ec9]
* R d54c1da3
***** Page fault! *****
[419] W DRAM[0]
PTE found (VA=d54c1da3 VPN=d54c1 PA=5da3)
Evicting TLB L1 entry i=4 VPN=0 PPN=0 valid=0 dirty=0...
[519] R DRAM[5da3]
* W d54c13dc
[520] W DRAM[53dc]
* R da72b170
***** Page fault! *****
[521] W DRAM[0]
PTE found (VA=da72b170 VPN=da72b PA=6170)
Evicting TLB L1 entry i=5 VPN=0 PPN=0 valid=0 dirty=0...
[621] R DRAM[6170]
* W da72b147
[622] W DRAM[6147]
* W da72b649
[623] W DRAM[6649]
* R da72bbaa
[624] R DRAM[6baa]
* W da72be80
[625] W DRAM[6e80]
* R da72b844
[626] R DRAM[6844]
* R da72b0db
[627] R DRAM[60db]
* R da72bc33
[628] R DRAM[6c33]
* R da72be68
[629] R DRAM[6e68]
* W da72b4b8
[630] W DRAM[64b8]
* W da72bc18
[631] W DRAM[6c18]
* R da72b957
[632] R DRAM[6957]
* W b76c8b79
***** Page fault! *****
[633] W DRAM[0]
PTE found (VA=b76c8b79 VPN=b76c8 PA=7b79)
Evicting TLB L1 entry i=6 VPN=0 PPN=0 valid=0 dirty=0...
[733] W DRAM[7b79]
* R b76c8e87
[734] R DRAM[7e87]
* R b76c88ba
[735] R DRAM[78ba]
* W b76c8258
[736] W DRAM[7258]
* W b76c82bb
[737] W DRAM[72bb]
* W b76c8bd9
[738] W DRAM[7bd9]
* W b76c8516
[739] W DRAM[7516]
* W b76c8668
[740] W DRAM[7668]
* R b76c8cc2
[741] R DRAM[7cc2]
* R b76c81da
[742] R DRAM[71da]
* W b76c89e9
[743] W DRAM[79e9]
* W b76c8a01
[744] W DRAM[7a01]
* R b76c8d0f
[745] R DRAM[7d0f]
* W b76c8c7a
[746] W DRAM[7c7a]
* R b76c849a
[747] R DRAM[749a]
* W b76c8b96
[748] W DRAM[7b96]
* R b76c8bb2
[749] R DRAM[7bb2]
* W b76c8d86
[750] W DRAM[7d86]
* R 5872202a
***** Page fault! *****
[751] W DRAM[0]
PTE found (VA=5872202a VPN=58722 PA=802a)
Evicting TLB L1 entry i=7 VPN=0 PPN=0 valid=0 dirty=0...
[851] R DRAM[802a]
* W 58722893
[852] W DRAM[8893]
* W 58722265
[853] W DRAM[8265]
* R 587223b8
[854] R DRAM[83b8]
* R 587222ac
[855] R DRAM[82ac]
* W f4bfa163
***** Page fault! *****
[856] W DRAM[0]
PTE found (VA=f4bfa163 VPN=f4bfa PA=9163)
Evicting TLB L1 entry i=8 VPN=0 PPN=0 valid=0 dirty=0...
[956] W DRAM[9163]
* W f4bfa4f2
[957] W DRAM[94f2]
* R f4bfa734
[958] R DRAM[9734]
* W f4bfaca3
[959] W DRAM[9ca3]
* W f4bfa709
[960] W DRAM[9709]
* W f4bfa709
[961] W DRAM[9709]
* R f4bfae6b
[962] R DRAM[9e6b]
* R f4bfadd9
[963] R DRAM[9dd9]
* R f4bfa574
[964] R DRAM[9574]
* R f4bfab05
[965] R DRAM[9b05]
* W f4bfa2da
[966] W DRAM[92da]
* W f4bfaff7
[967] W DRAM[9ff7]
* W f4bfad43
[968] W DRAM[9d43]
* R f4bfa494
[969] R DRAM[9494]
* W f4bfad51
[970] W DRAM[9d51]
* R f4bfacf3
[971] R DRAM[9cf3]
* W f4bfa356
[972] W DRAM[9356]
* W 9abcb9e5
***** Page fault! *****
[973] W DRAM[0]
PTE found (VA=9abcb9e5 VPN=9abcb PA=a9e5)
Evicting TLB L1 entry i=9 VPN=0 PPN=0 valid=0 dirty=0...
[1073] W DRAM[a9e5]
* W 9abcb35f
[1074] W DRAM[a35f]
* R 9abcbc13
[1075] R DRAM[ac13]
* R 9abcb43c
[1076] R DRAM[a43c]
* W 9abcbbd4
[1077] W DRAM[abd4]
* R 9abcb0b1
[1078] R DRAM[a0b1]
* W 9abcba81
[1079] W DRAM[aa81]
* W 939cffd1
***** Page fault! *****
[1080] W DRAM[0]
PTE found (VA=939cffd1 VPN=939cf PA=bfd1)
Evicting TLB L1 entry i=10 VPN=0 PPN=0 valid=0 dirty=0...
[1180] W DRAM[bfd1]
* R 8443bb25
***** Page fault! *****
[1181] W DRAM[0]
PTE found (VA=8443bb25 VPN=8443b PA=cb25)
Evicting TLB L1 entry i=11 VPN=0 PPN=0 valid=0 dirty=0...
[1281] R DRAM[cb25]
* R 8443b89b
[1282] R DRAM[c89b]
* W 8443bb75
[1283] W DRAM[cb75]
* W 8443b9dc
[1284] W DRAM[c9dc]
* W 8443bb10
[1285] W DRAM[cb10]
* R 8443b7cc
[1286] R DRAM[c7cc]
* R 8443b771
[1287] R DRAM[c771]
* W 8443b457
[1288] W DRAM[c457]
* W 8443b9d5
[1289] W DRAM[c9d5]
* W 8443b700
[1290] W DRAM[c700]
* R 8443b0cf
[1291] R DRAM[c0cf]
* R 8443b2d3
[1292] R DRAM[c2d3]
* R 8443b105
[1293] R DRAM[c105]
* W 8443ba0c
[1294] W DRAM[ca0c]
* W 8443b053
[1295] W DRAM[c053]
* W 30ab9119
***** Page fault! *****
[1296] W DRAM[0]
PTE found (VA=30ab9119 VPN=30ab9 PA=d119)
Evicting TLB L1 entry i=12 VPN=0 PPN=0 valid=0 dirty=0...
[1396] W DRAM[d119]
* R 30ab92d3
[1397] R DRAM[d2d3]
* W 30ab93d5
[1398] W DRAM[d3d5]
* W 30ab989b
[1399] W DRAM[d89b]
* R 30ab9ab2
[1400] R DRAM[dab2]
Elapsed: 1400 ns
Total instructions executed: 100
Total page faults: 13
Total page evictions: 0
Total TLB L1 hits: 87 (87.00%)
Total TLB L2 hits: 0 (0.00%)
Total TLB L1 invalidations: 0
Total TLB L2 invalidations: 0
