[1] W DRAM[0]
[101] R DRAM[10b2]
[102] W DRAM[1c96]
[103] R DRAM[14df]
[104] W DRAM[1024]
[105] W DRAM[16fb]
[106] W DRAM[0]
[206] W DRAM[2e8a]
[207] W DRAM[0]
[307] R DRAM[31e6]
[308] R DRAM[354d]
[309] R DRAM[32e5]
[310] R DRAM[362f]
[311] W DRAM[3613]
[312] W DRAM[377e]
[313] W DRAM[0]
[413] R DRAM[42a6]
[414] W DRAM[4680]
[415] W DRAM[492c]
[416] R DRAM[4453]
[417] R DRAM[41ca]
[418] R DRAM[4ec9]
[419] W DRAM[0]
[519] R DRAM[5da3]
[520] W DRAM[53dc]
[521] W DRAM[0]
[621] R DRAM[6170]
[622] W DRAM[6147]
[623] W DRAM[6649]
[624] R DRAM[6baa]
[625] W DRAM[6e80]
[626] R DRAM[6844]
[627] R DRAM[60db]
[628] R DRAM[6c33]
[629] R DRAM[6e68]
[630] W DRAM[64b8]
[631] W DRAM[6c18]
[632] R DRAM[6957]
[633] W DRAM[0]
[733] W DRAM[7b79]
[734] R DRAM[7e87]
[735] R DRAM[78ba]
[736] W DRAM[7258]
[737] W DRAM[72bb]
[738] W DRAM[7bd9]
[739] W DRAM[7516]
[740] W DRAM[7668]
[741] R DRAM[7cc2]
[742] R DRAM[71da]
[743] W DRAM[79e9]
[744] W DRAM[7a01]
[745] R DRAM[7d0f]
[746] W DRAM[7c7a]
[747] R DRAM[749a]
[748] W DRAM[7b96]
[749] R DRAM[7bb2]
[750] W DRAM[7d86]
[751] W DRAM[0]
[851] R DRAM[802a]
[852] W DRAM[8893]
[853] W DRAM[8265]
[854] R DRAM[83b8]
[855] R DRAM[82ac]
[856] W DRAM[0]
[956] W DRAM[9163]
[957] W DRAM[94f2]
[958] R DRAM[9734]
[959] W DRAM[9ca3]
[960] W DRAM[9709]
[961] W DRAM[9709]
[962] R DRAM[9e6b]
[963] R DRAM[9dd9]
[964] R DRAM[9574]
[965] R DRAM[9b05]
[966] W DRAM[92da]
[967] W DRAM[9ff7]
[968] W DRAM[9d43]
[969] R DRAM[9494]
[970] W DRAM[9d51]
[971] R DRAM[9cf3]
[972] W DRAM[9356]
[973] W DRAM[0]
[1073] W DRAM[a9e5]
[1074] W DRAM[a35f]
[1075] R DRAM[ac13]
[1076] R DRAM[a43c]
[1077] W DRAM[abd4]
[1078] R DRAM[a0b1]
[1079] W DRAM[aa81]
[1080] W DRAM[0]
[1180] W DRAM[bfd1]
[1181] W DRAM[0]
[1281] R DRAM[cb25]
[1282] R DRAM[c89b]
[1283] W DRAM[cb75]
[1284] W DRAM[c9dc]
[1285] W DRAM[cb10]
[1286] R DRAM[c7cc]
[1287] R DRAM[c771]
[1288] W DRAM[c457]
[1289] W DRAM[c9d5]
[1290] W DRAM[c700]
[1291] R DRAM[c0cf]
[1292] R DRAM[c2d3]
[1293] R DRAM[c105]
[1294] W DRAM[ca0c]
[1295] W DRAM[c053]
[1296] W DRAM[0]
[1396] W DRAM[d119]
[1397] R DRAM[d2d3]
[1398] W DRAM[d3d5]
[1399] W DRAM[d89b]
[1400] R DRAM[dab2]
Elapsed: 1400 ns
Total instructions executed: 100
Total page faults: 13
Total page evictions: 0
Total TLB L1 hits: 87 (87.00%)
Total TLB L2 hits: 0 (0.00%)
Total TLB L1 invalidations: 0
Total TLB L2 invalidations: 0
