[1] W DRAM[0]
[101] R DRAM[1000]
[102] W DRAM[0]
[202] R DRAM[2000]
[203] W DRAM[0]
[303] R DRAM[3000]
[304] W DRAM[0]
[404] R DRAM[4000]
[405] W DRAM[0]
[505] R DRAM[5000]
[506] W DRAM[0]
[606] R DRAM[6000]
[607] W DRAM[0]
[707] R DRAM[7000]
[708] W DRAM[0]
[808] R DRAM[8000]
[809] W DRAM[0]
[909] R DRAM[9000]
[910] W DRAM[0]
[1010] R DRAM[a000]
[1011] W DRAM[0]
[1111] R DRAM[b000]
[1112] W DRAM[0]
[1212] R DRAM[c000]
[1213] W DRAM[0]
[1313] R DRAM[d000]
[1314] W DRAM[0]
[1414] R DRAM[e000]
[1415] W DRAM[0]
[1515] R DRAM[f000]
[1516] W DRAM[0]
[1616] R DRAM[10000]
[1617] W DRAM[0]
[1717] R DRAM[11000]
[1718] W DRAM[0]
[1818] R DRAM[12000]
[1819] W DRAM[0]
[1919] R DRAM[13000]
[1920] W DRAM[0]
[2020] R DRAM[14000]
[2021] W DRAM[0]
[2121] R DRAM[15000]
[2122] W DRAM[0]
[2222] R DRAM[16000]
[2223] W DRAM[0]
[2323] R DRAM[17000]
[2324] W DRAM[0]
[2424] R DRAM[18000]
[2425] W DRAM[0]
[2525] R DRAM[19000]
[2526] W DRAM[0]
[2626] R DRAM[1a000]
[2627] W DRAM[0]
[2727] R DRAM[1b000]
[2728] W DRAM[0]
[2828] R DRAM[1c000]
[2829] W DRAM[0]
[2929] R DRAM[1d000]
[2930] W DRAM[0]
[3030] R DRAM[1e000]
[3031] W DRAM[0]
[3131] R DRAM[1f000]
[3132] W DRAM[0]
[3232] R DRAM[20000]
Elapsed: 3232 ns
Total instructions executed: 32
Total page faults: 32
Total page evictions: 0
Total TLB L1 hits: 0 (0.00%)
Total TLB L2 hits: 0 (0.00%)
Total TLB L1 invalidations: 0
Total TLB L2 invalidations: 0
