=========== System Properties ===========
Virtual address:       32 bits
Page index:            12 bits
DRAM address:          28 bits
Disk address:          48 bits
Virtual address space: 4294967296 B
DRAM address space:    268435456 B
Disk address space:    281474976710656 B
Page size:             4096 B
Total pages:           1048576
=========================================
* W 3507a0e7
***** Page fault! *****
[1] W DRAM[0]
PTE found (VA=3507a0e7 VPN=3507a PA=10e7)
Evicting TLB L1 entry i=0 VPN=0 PPN=0 valid=0 dirty=0...
[101] W DRAM[10e7]
* W 8f042477
***** Page fault! *****
[102] W DRAM[0]
PTE found (VA=8f042477 VPN=8f042 PA=2477)
Evicting TLB L1 entry i=1 VPN=0 PPN=0 valid=0 dirty=0...
[202] W DRAM[2477]
* R 59a24e98
***** Page fault! *****
[203] W DRAM[0]
PTE found (VA=59a24e98 VPN=59a24 PA=3e98)
Evicting TLB L1 entry i=2 VPN=0 PPN=0 valid=0 dirty=0...
[303] R DRAM[3e98]
* W 2a330768
***** Page fault! *****
[304] W DRAM[0]
PTE found (VA=2a330768 VPN=2a330 PA=4768)
Evicting TLB L1 entry i=3 VPN=0 PPN=0 valid=0 dirty=0...
[404] W DRAM[4768]
* W 6b95aae0
***** Page fault! *****
[405] W DRAM[0]
PTE found (VA=6b95aae0 VPN=6b95a PA=5ae0)
Evicting TLB L1 entry i=4 VPN=0 PPN=0 valid=0 dirty=0...
[505] W DRAM[5ae0]
* W 99cc2d89
***** Page fault! *****
[506] W DRAM[0]
PTE found (VA=99cc2d89 VPN=99cc2 PA=6d89)
Evicting TLB L1 entry i=5 VPN=0 PPN=0 valid=0 dirty=0...
[606] W DRAM[6d89]
* W 99e5ea57
***** Page fault! *****
[607] W DRAM[0]
PTE found (VA=99e5ea57 VPN=99e5e PA=7a57)
Evicting TLB L1 entry i=6 VPN=0 PPN=0 valid=0 dirty=0...
[707] W DRAM[7a57]
* R 5da30568
***** Page fault! *****
[708] W DRAM[0]
PTE found (VA=5da30568 VPN=5da30 PA=8568)
Evicting TLB L1 entry i=7 VPN=0 PPN=0 valid=0 dirty=0...
[808] R DRAM[8568]
* R 7fc8e31f
***** Page fault! *****
[809] W DRAM[0]
PTE found (VA=7fc8e31f VPN=7fc8e PA=931f)
Evicting TLB L1 entry i=8 VPN=0 PPN=0 valid=0 dirty=0...
[909] R DRAM[931f]
* W 4db27f4e
***** Page fault! *****
[910] W DRAM[0]
PTE found (VA=4db27f4e VPN=4db27 PA=af4e)
Evicting TLB L1 entry i=9 VPN=0 PPN=0 valid=0 dirty=0...
[1010] W DRAM[af4e]
* R 22b7e11d
***** Page fault! *****
[1011] W DRAM[0]
PTE found (VA=22b7e11d VPN=22b7e PA=b11d)
Evicting TLB L1 entry i=10 VPN=0 PPN=0 valid=0 dirty=0...
[1111] R DRAM[b11d]
* W 977d6eef
***** Page fault! *****
[1112] W DRAM[0]
PTE found (VA=977d6eef VPN=977d6 PA=ceef)
Evicting TLB L1 entry i=11 VPN=0 PPN=0 valid=0 dirty=0...
[1212] W DRAM[ceef]
* W 9285e7d1
***** Page fault! *****
[1213] W DRAM[0]
PTE found (VA=9285e7d1 VPN=9285e PA=d7d1)
Evicting TLB L1 entry i=12 VPN=0 PPN=0 valid=0 dirty=0...
[1313] W DRAM[d7d1]
* R 9cbb8265
***** Page fault! *****
[1314] W DRAM[0]
PTE found (VA=9cbb8265 VPN=9cbb8 PA=e265)
Evicting TLB L1 entry i=13 VPN=0 PPN=0 valid=0 dirty=0...
[1414] R DRAM[e265]
* W 17f35eae
***** Page fault! *****
[1415] W DRAM[0]
PTE found (VA=17f35eae VPN=17f35 PA=feae)
Evicting TLB L1 entry i=14 VPN=0 PPN=0 valid=0 dirty=0...
[1515] W DRAM[feae]
* W 1ed5ba4e
***** Page fault! *****
[1516] W DRAM[0]
PTE found (VA=1ed5ba4e VPN=1ed5b PA=10a4e)
Evicting TLB L1 entry i=15 VPN=0 PPN=0 valid=0 dirty=0...
[1616] W DRAM[10a4e]
* R 29d7da3f
***** Page fault! *****
[1617] W DRAM[0]
PTE found (VA=29d7da3f VPN=29d7d PA=11a3f)
Evicting TLB L1 entry i=16 VPN=0 PPN=0 valid=0 dirty=0...
[1717] R DRAM[11a3f]
* R 8512ef9e
***** Page fault! *****
[1718] W DRAM[0]
PTE found (VA=8512ef9e VPN=8512e PA=12f9e)
Evicting TLB L1 entry i=17 VPN=0 PPN=0 valid=0 dirty=0...
[1818] R DRAM[12f9e]
* R fe0dd409
***** Page fault! *****
[1819] W DRAM[0]
PTE found (VA=fe0dd409 VPN=fe0dd PA=13409)
Evicting TLB L1 entry i=18 VPN=0 PPN=0 valid=0 dirty=0...
[1919] R DRAM[13409]
* W 1fef0cf6
***** Page fault! *****
[1920] W DRAM[0]
PTE found (VA=1fef0cf6 VPN=1fef0 PA=14cf6)
Evicting TLB L1 entry i=19 VPN=0 PPN=0 valid=0 dirty=0...
[2020] W DRAM[14cf6]
* W fa662e7
***** Page fault! *****
[2021] W DRAM[0]
PTE found (VA=fa662e7 VPN=fa66 PA=152e7)
Evicting TLB L1 entry i=20 VPN=0 PPN=0 valid=0 dirty=0...
[2121] W DRAM[152e7]
* R 446d8422
***** Page fault! *****
[2122] W DRAM[0]
PTE found (VA=446d8422 VPN=446d8 PA=16422)
Evicting TLB L1 entry i=21 VPN=0 PPN=0 valid=0 dirty=0...
[2222] R DRAM[16422]
* W cbb9f8ff
***** Page fault! *****
[2223] W DRAM[0]
PTE found (VA=cbb9f8ff VPN=cbb9f PA=178ff)
Evicting TLB L1 entry i=22 VPN=0 PPN=0 valid=0 dirty=0...
[2323] W DRAM[178ff]
* W e79397d3
***** Page fault! *****
[2324] W DRAM[0]
PTE found (VA=e79397d3 VPN=e7939 PA=187d3)
Evicting TLB L1 entry i=23 VPN=0 PPN=0 valid=0 dirty=0...
[2424] W DRAM[187d3]
* W 203262bd
***** Page fault! *****
[2425] W DRAM[0]
PTE found (VA=203262bd VPN=20326 PA=192bd)
Evicting TLB L1 entry i=24 VPN=0 PPN=0 valid=0 dirty=0...
[2525] W DRAM[192bd]
* W 6ce9aae3
***** Page fault! *****
[2526] W DRAM[0]
PTE found (VA=6ce9aae3 VPN=6ce9a PA=1aae3)
Evicting TLB L1 entry i=25 VPN=0 PPN=0 valid=0 dirty=0...
[2626] W DRAM[1aae3]
* W ea14c9e4
***** Page fault! *****
[2627] W DRAM[0]
PTE found (VA=ea14c9e4 VPN=ea14c PA=1b9e4)
Evicting TLB L1 entry i=26 VPN=0 PPN=0 valid=0 dirty=0...
[2727] W DRAM[1b9e4]
* R b07d923b
***** Page fault! *****
[2728] W DRAM[0]
PTE found (VA=b07d923b VPN=b07d9 PA=1c23b)
Evicting TLB L1 entry i=27 VPN=0 PPN=0 valid=0 dirty=0...
[2828] R DRAM[1c23b]
* R cc12e197
***** Page fault! *****
[2829] W DRAM[0]
PTE found (VA=cc12e197 VPN=cc12e PA=1d197)
Evicting TLB L1 entry i=28 VPN=0 PPN=0 valid=0 dirty=0...
[2929] R DRAM[1d197]
* R 6cd466e7
***** Page fault! *****
[2930] W DRAM[0]
PTE found (VA=6cd466e7 VPN=6cd46 PA=1e6e7)
Evicting TLB L1 entry i=29 VPN=0 PPN=0 valid=0 dirty=0...
[3030] R DRAM[1e6e7]
* R 829af1e
***** Page fault! *****
[3031] W DRAM[0]
PTE found (VA=829af1e VPN=829a PA=1ff1e)
Evicting TLB L1 entry i=30 VPN=0 PPN=0 valid=0 dirty=0...
[3131] R DRAM[1ff1e]
* R 4ec6ec31
***** Page fault! *****
[3132] W DRAM[0]
PTE found (VA=4ec6ec31 VPN=4ec6e PA=20c31)
Evicting TLB L1 entry i=31 VPN=0 PPN=0 valid=0 dirty=0...
[3232] R DRAM[20c31]
* W 8c803958
***** Page fault! *****
[3233] W DRAM[0]
PTE found (VA=8c803958 VPN=8c803 PA=21958)
Evicting TLB L1 entry i=0 VPN=3507a PPN=1 valid=1 dirty=1...
***** TLB L1 write back *****
[3333] W DRAM[1000]
[3433] W DRAM[21958]
* R 6f14a08a
***** Page fault! *****
[3434] W DRAM[0]
PTE found (VA=6f14a08a VPN=6f14a PA=2208a)
Evicting TLB L1 entry i=1 VPN=8f042 PPN=2 valid=1 dirty=1...
***** TLB L1 write back *****
[3534] W DRAM[2000]
[3634] R DRAM[2208a]
* R 12ecab8d
***** Page fault! *****
[3635] W DRAM[0]
PTE found (VA=12ecab8d VPN=12eca PA=23b8d)
Evicting TLB L1 entry i=2 VPN=59a24 PPN=3 valid=1 dirty=0...
[3735] R DRAM[23b8d]
* W 5027ae85
***** Page fault! *****
[3736] W DRAM[0]
PTE found (VA=5027ae85 VPN=5027a PA=24e85)
Evicting TLB L1 entry i=3 VPN=2a330 PPN=4 valid=1 dirty=1...
***** TLB L1 write back *****
[3836] W DRAM[4000]
[3936] W DRAM[24e85]
* R ceffc8ab
***** Page fault! *****
[3937] W DRAM[0]
PTE found (VA=ceffc8ab VPN=ceffc PA=258ab)
Evicting TLB L1 entry i=4 VPN=6b95a PPN=5 valid=1 dirty=1...
***** TLB L1 write back *****
[4037] W DRAM[5000]
[4137] R DRAM[258ab]
* R d1ff35ba
***** Page fault! *****
[4138] W DRAM[0]
PTE found (VA=d1ff35ba VPN=d1ff3 PA=265ba)
Evicting TLB L1 entry i=5 VPN=99cc2 PPN=6 valid=1 dirty=1...
***** TLB L1 write back *****
[4238] W DRAM[6000]
[4338] R DRAM[265ba]
* W 4c5b526d
***** Page fault! *****
[4339] W DRAM[0]
PTE found (VA=4c5b526d VPN=4c5b5 PA=2726d)
Evicting TLB L1 entry i=6 VPN=99e5e PPN=7 valid=1 dirty=1...
***** TLB L1 write back *****
[4439] W DRAM[7000]
[4539] W DRAM[2726d]
* R c48bcba5
***** Page fault! *****
[4540] W DRAM[0]
PTE found (VA=c48bcba5 VPN=c48bc PA=28ba5)
Evicting TLB L1 entry i=7 VPN=5da30 PPN=8 valid=1 dirty=0...
[4640] R DRAM[28ba5]
* W 24320e09
***** Page fault! *****
[4641] W DRAM[0]
PTE found (VA=24320e09 VPN=24320 PA=29e09)
Evicting TLB L1 entry i=8 VPN=7fc8e PPN=9 valid=1 dirty=0...
[4741] W DRAM[29e09]
* W 73798d5e
***** Page fault! *****
[4742] W DRAM[0]
PTE found (VA=73798d5e VPN=73798 PA=2ad5e)
Evicting TLB L1 entry i=9 VPN=4db27 PPN=a valid=1 dirty=1...
***** TLB L1 write back *****
[4842] W DRAM[a000]
[4942] W DRAM[2ad5e]
* R 12e0bca2
***** Page fault! *****
[4943] W DRAM[0]
PTE found (VA=12e0bca2 VPN=12e0b PA=2bca2)
Evicting TLB L1 entry i=10 VPN=22b7e PPN=b valid=1 dirty=0...
[5043] R DRAM[2bca2]
* W 793a1302
***** Page fault! *****
[5044] W DRAM[0]
PTE found (VA=793a1302 VPN=793a1 PA=2c302)
Evicting TLB L1 entry i=11 VPN=977d6 PPN=c valid=1 dirty=1...
***** TLB L1 write back *****
[5144] W DRAM[c000]
[5244] W DRAM[2c302]
* W 7ab8e086
***** Page fault! *****
[5245] W DRAM[0]
PTE found (VA=7ab8e086 VPN=7ab8e PA=2d086)
Evicting TLB L1 entry i=12 VPN=9285e PPN=d valid=1 dirty=1...
***** TLB L1 write back *****
[5345] W DRAM[d000]
[5445] W DRAM[2d086]
* R 9e62d192
***** Page fault! *****
[5446] W DRAM[0]
PTE found (VA=9e62d192 VPN=9e62d PA=2e192)
Evicting TLB L1 entry i=13 VPN=9cbb8 PPN=e valid=1 dirty=0...
[5546] R DRAM[2e192]
* R f034f894
***** Page fault! *****
[5547] W DRAM[0]
PTE found (VA=f034f894 VPN=f034f PA=2f894)
Evicting TLB L1 entry i=14 VPN=17f35 PPN=f valid=1 dirty=1...
***** TLB L1 write back *****
[5647] W DRAM[f000]
[5747] R DRAM[2f894]
* R dce609d5
***** Page fault! *****
[5748] W DRAM[0]
PTE found (VA=dce609d5 VPN=dce60 PA=309d5)
Evicting TLB L1 entry i=15 VPN=1ed5b PPN=10 valid=1 dirty=1...
***** TLB L1 write back *****
[5848] W DRAM[10000]
[5948] R DRAM[309d5]
* R b7824bf9
***** Page fault! *****
[5949] W DRAM[0]
PTE found (VA=b7824bf9 VPN=b7824 PA=31bf9)
Evicting TLB L1 entry i=16 VPN=29d7d PPN=11 valid=1 dirty=0...
[6049] R DRAM[31bf9]
* R c9506fda
***** Page fault! *****
[6050] W DRAM[0]
PTE found (VA=c9506fda VPN=c9506 PA=32fda)
Evicting TLB L1 entry i=17 VPN=8512e PPN=12 valid=1 dirty=0...
[6150] R DRAM[32fda]
* R bcb0518b
***** Page fault! *****
[6151] W DRAM[0]
PTE found (VA=bcb0518b VPN=bcb05 PA=3318b)
Evicting TLB L1 entry i=18 VPN=fe0dd PPN=13 valid=1 dirty=0...
[6251] R DRAM[3318b]
* W c1e2d33f
***** Page fault! *****
[6252] W DRAM[0]
PTE found (VA=c1e2d33f VPN=c1e2d PA=3433f)
Evicting TLB L1 entry i=19 VPN=1fef0 PPN=14 valid=1 dirty=1...
***** TLB L1 write back *****
[6352] W DRAM[14000]
[6452] W DRAM[3433f]
* W 6367e03
***** Page fault! *****
[6453] W DRAM[0]
PTE found (VA=6367e03 VPN=6367 PA=35e03)
Evicting TLB L1 entry i=20 VPN=fa66 PPN=15 valid=1 dirty=1...
***** TLB L1 write back *****
[6553] W DRAM[15000]
[6653] W DRAM[35e03]
* R 4f2501b2
***** Page fault! *****
[6654] W DRAM[0]
PTE found (VA=4f2501b2 VPN=4f250 PA=361b2)
Evicting TLB L1 entry i=21 VPN=446d8 PPN=16 valid=1 dirty=0...
[6754] R DRAM[361b2]
* R 7015821f
***** Page fault! *****
[6755] W DRAM[0]
PTE found (VA=7015821f VPN=70158 PA=3721f)
Evicting TLB L1 entry i=22 VPN=cbb9f PPN=17 valid=1 dirty=1...
***** TLB L1 write back *****
[6855] W DRAM[17000]
[6955] R DRAM[3721f]
* R 8d2da092
***** Page fault! *****
[6956] W DRAM[0]
PTE found (VA=8d2da092 VPN=8d2da PA=38092)
Evicting TLB L1 entry i=23 VPN=e7939 PPN=18 valid=1 dirty=1...
***** TLB L1 write back *****
[7056] W DRAM[18000]
[7156] R DRAM[38092]
* W 1a2eb51d
***** Page fault! *****
[7157] W DRAM[0]
PTE found (VA=1a2eb51d VPN=1a2eb PA=3951d)
Evicting TLB L1 entry i=24 VPN=20326 PPN=19 valid=1 dirty=1...
***** TLB L1 write back *****
[7257] W DRAM[19000]
[7357] W DRAM[3951d]
* R 9dee3473
***** Page fault! *****
[7358] W DRAM[0]
PTE found (VA=9dee3473 VPN=9dee3 PA=3a473)
Evicting TLB L1 entry i=25 VPN=6ce9a PPN=1a valid=1 dirty=1...
***** TLB L1 write back *****
[7458] W DRAM[1a000]
[7558] R DRAM[3a473]
* W cbbc75c0
***** Page fault! *****
[7559] W DRAM[0]
PTE found (VA=cbbc75c0 VPN=cbbc7 PA=3b5c0)
Evicting TLB L1 entry i=26 VPN=ea14c PPN=1b valid=1 dirty=1...
***** TLB L1 write back *****
[7659] W DRAM[1b000]
[7759] W DRAM[3b5c0]
* R 23adba62
***** Page fault! *****
[7760] W DRAM[0]
PTE found (VA=23adba62 VPN=23adb PA=3ca62)
Evicting TLB L1 entry i=27 VPN=b07d9 PPN=1c valid=1 dirty=0...
[7860] R DRAM[3ca62]
* W 232b5370
***** Page fault! *****
[7861] W DRAM[0]
PTE found (VA=232b5370 VPN=232b5 PA=3d370)
Evicting TLB L1 entry i=28 VPN=cc12e PPN=1d valid=1 dirty=0...
[7961] W DRAM[3d370]
* R 2f470278
***** Page fault! *****
[7962] W DRAM[0]
PTE found (VA=2f470278 VPN=2f470 PA=3e278)
Evicting TLB L1 entry i=29 VPN=6cd46 PPN=1e valid=1 dirty=0...
[8062] R DRAM[3e278]
* R e5e5e6aa
***** Page fault! *****
[8063] W DRAM[0]
PTE found (VA=e5e5e6aa VPN=e5e5e PA=3f6aa)
Evicting TLB L1 entry i=30 VPN=829a PPN=1f valid=1 dirty=0...
[8163] R DRAM[3f6aa]
* R aac85a40
***** Page fault! *****
[8164] W DRAM[0]
PTE found (VA=aac85a40 VPN=aac85 PA=40a40)
Evicting TLB L1 entry i=31 VPN=4ec6e PPN=20 valid=1 dirty=0...
[8264] R DRAM[40a40]
* R a6e69fd2
***** Page fault! *****
[8265] W DRAM[0]
PTE found (VA=a6e69fd2 VPN=a6e69 PA=41fd2)
Evicting TLB L1 entry i=0 VPN=8c803 PPN=21 valid=1 dirty=1...
***** TLB L1 write back *****
[8365] W DRAM[21000]
[8465] R DRAM[41fd2]
* W a76e851e
***** Page fault! *****
[8466] W DRAM[0]
PTE found (VA=a76e851e VPN=a76e8 PA=4251e)
Evicting TLB L1 entry i=1 VPN=6f14a PPN=22 valid=1 dirty=0...
[8566] W DRAM[4251e]
* W 6666ddd7
***** Page fault! *****
[8567] W DRAM[0]
PTE found (VA=6666ddd7 VPN=6666d PA=43dd7)
Evicting TLB L1 entry i=2 VPN=12eca PPN=23 valid=1 dirty=0...
[8667] W DRAM[43dd7]
* R 4e46d53d
***** Page fault! *****
[8668] W DRAM[0]
PTE found (VA=4e46d53d VPN=4e46d PA=4453d)
Evicting TLB L1 entry i=3 VPN=5027a PPN=24 valid=1 dirty=1...
***** TLB L1 write back *****
[8768] W DRAM[24000]
[8868] R DRAM[4453d]
* R ad66e153
***** Page fault! *****
[8869] W DRAM[0]
PTE found (VA=ad66e153 VPN=ad66e PA=45153)
Evicting TLB L1 entry i=4 VPN=ceffc PPN=25 valid=1 dirty=0...
[8969] R DRAM[45153]
* W 2c6ab58f
***** Page fault! *****
[8970] W DRAM[0]
PTE found (VA=2c6ab58f VPN=2c6ab PA=4658f)
Evicting TLB L1 entry i=5 VPN=d1ff3 PPN=26 valid=1 dirty=0...
[9070] W DRAM[4658f]
* R 497be693
***** Page fault! *****
[9071] W DRAM[0]
PTE found (VA=497be693 VPN=497be PA=47693)
Evicting TLB L1 entry i=6 VPN=4c5b5 PPN=27 valid=1 dirty=1...
***** TLB L1 write back *****
[9171] W DRAM[27000]
[9271] R DRAM[47693]
* R e923b67a
***** Page fault! *****
[9272] W DRAM[0]
PTE found (VA=e923b67a VPN=e923b PA=4867a)
Evicting TLB L1 entry i=7 VPN=c48bc PPN=28 valid=1 dirty=0...
[9372] R DRAM[4867a]
* R 490d30a5
***** Page fault! *****
[9373] W DRAM[0]
PTE found (VA=490d30a5 VPN=490d3 PA=490a5)
Evicting TLB L1 entry i=8 VPN=24320 PPN=29 valid=1 dirty=1...
***** TLB L1 write back *****
[9473] W DRAM[29000]
[9573] R DRAM[490a5]
* R 2e8bf9cd
***** Page fault! *****
[9574] W DRAM[0]
PTE found (VA=2e8bf9cd VPN=2e8bf PA=4a9cd)
Evicting TLB L1 entry i=9 VPN=73798 PPN=2a valid=1 dirty=1...
***** TLB L1 write back *****
[9674] W DRAM[2a000]
[9774] R DRAM[4a9cd]
* R 269e73e3
***** Page fault! *****
[9775] W DRAM[0]
PTE found (VA=269e73e3 VPN=269e7 PA=4b3e3)
Evicting TLB L1 entry i=10 VPN=12e0b PPN=2b valid=1 dirty=0...
[9875] R DRAM[4b3e3]
* W d1794f0e
***** Page fault! *****
[9876] W DRAM[0]
PTE found (VA=d1794f0e VPN=d1794 PA=4cf0e)
Evicting TLB L1 entry i=11 VPN=793a1 PPN=2c valid=1 dirty=1...
***** TLB L1 write back *****
[9976] W DRAM[2c000]
[10076] W DRAM[4cf0e]
* W 441e5bbc
***** Page fault! *****
[10077] W DRAM[0]
PTE found (VA=441e5bbc VPN=441e5 PA=4dbbc)
Evicting TLB L1 entry i=12 VPN=7ab8e PPN=2d valid=1 dirty=1...
***** TLB L1 write back *****
[10177] W DRAM[2d000]
[10277] W DRAM[4dbbc]
* W ffd19167
***** Page fault! *****
[10278] W DRAM[0]
PTE found (VA=ffd19167 VPN=ffd19 PA=4e167)
Evicting TLB L1 entry i=13 VPN=9e62d PPN=2e valid=1 dirty=0...
[10378] W DRAM[4e167]
* R a1acf93e
***** Page fault! *****
[10379] W DRAM[0]
PTE found (VA=a1acf93e VPN=a1acf PA=4f93e)
Evicting TLB L1 entry i=14 VPN=f034f PPN=2f valid=1 dirty=0...
[10479] R DRAM[4f93e]
* W c85e1be5
***** Page fault! *****
[10480] W DRAM[0]
PTE found (VA=c85e1be5 VPN=c85e1 PA=50be5)
Evicting TLB L1 entry i=15 VPN=dce60 PPN=30 valid=1 dirty=0...
[10580] W DRAM[50be5]
* W f9e8cb41
***** Page fault! *****
[10581] W DRAM[0]
PTE found (VA=f9e8cb41 VPN=f9e8c PA=51b41)
Evicting TLB L1 entry i=16 VPN=b7824 PPN=31 valid=1 dirty=0...
[10681] W DRAM[51b41]
* R 14ee705e
***** Page fault! *****
[10682] W DRAM[0]
PTE found (VA=14ee705e VPN=14ee7 PA=5205e)
Evicting TLB L1 entry i=17 VPN=c9506 PPN=32 valid=1 dirty=0...
[10782] R DRAM[5205e]
* R c7fa6004
***** Page fault! *****
[10783] W DRAM[0]
PTE found (VA=c7fa6004 VPN=c7fa6 PA=53004)
Evicting TLB L1 entry i=18 VPN=bcb05 PPN=33 valid=1 dirty=0...
[10883] R DRAM[53004]
* R b23e7aea
***** Page fault! *****
[10884] W DRAM[0]
PTE found (VA=b23e7aea VPN=b23e7 PA=54aea)
Evicting TLB L1 entry i=19 VPN=c1e2d PPN=34 valid=1 dirty=1...
***** TLB L1 write back *****
[10984] W DRAM[34000]
[11084] R DRAM[54aea]
* W 32f4db42
***** Page fault! *****
[11085] W DRAM[0]
PTE found (VA=32f4db42 VPN=32f4d PA=55b42)
Evicting TLB L1 entry i=20 VPN=6367 PPN=35 valid=1 dirty=1...
***** TLB L1 write back *****
[11185] W DRAM[35000]
[11285] W DRAM[55b42]
* W 3fad5dfd
***** Page fault! *****
[11286] W DRAM[0]
PTE found (VA=3fad5dfd VPN=3fad5 PA=56dfd)
Evicting TLB L1 entry i=21 VPN=4f250 PPN=36 valid=1 dirty=0...
[11386] W DRAM[56dfd]
* R 7bb622eb
***** Page fault! *****
[11387] W DRAM[0]
PTE found (VA=7bb622eb VPN=7bb62 PA=572eb)
Evicting TLB L1 entry i=22 VPN=70158 PPN=37 valid=1 dirty=0...
[11487] R DRAM[572eb]
* R 3336c04d
***** Page fault! *****
[11488] W DRAM[0]
PTE found (VA=3336c04d VPN=3336c PA=5804d)
Evicting TLB L1 entry i=23 VPN=8d2da PPN=38 valid=1 dirty=0...
[11588] R DRAM[5804d]
* W 37f696e
***** Page fault! *****
[11589] W DRAM[0]
PTE found (VA=37f696e VPN=37f6 PA=5996e)
Evicting TLB L1 entry i=24 VPN=1a2eb PPN=39 valid=1 dirty=1...
***** TLB L1 write back *****
[11689] W DRAM[39000]
[11789] W DRAM[5996e]
* W 8258743d
***** Page fault! *****
[11790] W DRAM[0]
PTE found (VA=8258743d VPN=82587 PA=5a43d)
Evicting TLB L1 entry i=25 VPN=9dee3 PPN=3a valid=1 dirty=0...
[11890] W DRAM[5a43d]
* R a00795f6
***** Page fault! *****
[11891] W DRAM[0]
PTE found (VA=a00795f6 VPN=a0079 PA=5b5f6)
Evicting TLB L1 entry i=26 VPN=cbbc7 PPN=3b valid=1 dirty=1...
***** TLB L1 write back *****
[11991] W DRAM[3b000]
[12091] R DRAM[5b5f6]
* W 4c151501
***** Page fault! *****
[12092] W DRAM[0]
PTE found (VA=4c151501 VPN=4c151 PA=5c501)
Evicting TLB L1 entry i=27 VPN=23adb PPN=3c valid=1 dirty=0...
[12192] W DRAM[5c501]
* R eac948c8
***** Page fault! *****
[12193] W DRAM[0]
PTE found (VA=eac948c8 VPN=eac94 PA=5d8c8)
Evicting TLB L1 entry i=28 VPN=232b5 PPN=3d valid=1 dirty=1...
***** TLB L1 write back *****
[12293] W DRAM[3d000]
[12393] R DRAM[5d8c8]
* R aa55d715
***** Page fault! *****
[12394] W DRAM[0]
PTE found (VA=aa55d715 VPN=aa55d PA=5e715)
Evicting TLB L1 entry i=29 VPN=2f470 PPN=3e valid=1 dirty=0...
[12494] R DRAM[5e715]
* R 6102b446
***** Page fault! *****
[12495] W DRAM[0]
PTE found (VA=6102b446 VPN=6102b PA=5f446)
Evicting TLB L1 entry i=30 VPN=e5e5e PPN=3f valid=1 dirty=0...
[12595] R DRAM[5f446]
* R d5d92838
***** Page fault! *****
[12596] W DRAM[0]
PTE found (VA=d5d92838 VPN=d5d92 PA=60838)
Evicting TLB L1 entry i=31 VPN=aac85 PPN=40 valid=1 dirty=0...
[12696] R DRAM[60838]
* W dc630408
***** Page fault! *****
[12697] W DRAM[0]
PTE found (VA=dc630408 VPN=dc630 PA=61408)
Evicting TLB L1 entry i=0 VPN=a6e69 PPN=41 valid=1 dirty=0...
[12797] W DRAM[61408]
* W 4103dddb
***** Page fault! *****
[12798] W DRAM[0]
PTE found (VA=4103dddb VPN=4103d PA=62ddb)
Evicting TLB L1 entry i=1 VPN=a76e8 PPN=42 valid=1 dirty=1...
***** TLB L1 write back *****
[12898] W DRAM[42000]
[12998] W DRAM[62ddb]
* R b42a5a52
***** Page fault! *****
[12999] W DRAM[0]
PTE found (VA=b42a5a52 VPN=b42a5 PA=63a52)
Evicting TLB L1 entry i=2 VPN=6666d PPN=43 valid=1 dirty=1...
***** TLB L1 write back *****
[13099] W DRAM[43000]
[13199] R DRAM[63a52]
* W 2a3730cc
***** Page fault! *****
[13200] W DRAM[0]
PTE found (VA=2a3730cc VPN=2a373 PA=640cc)
Evicting TLB L1 entry i=3 VPN=4e46d PPN=44 valid=1 dirty=0...
[13300] W DRAM[640cc]
Elapsed: 13300 ns
Total instructions executed: 100
Total page faults: 100
Total page evictions: 0
Total TLB L1 hits: 0 (0.00%)
Total TLB L2 hits: 0 (0.00%)
Total TLB L1 invalidations: 0
Total TLB L2 invalidations: 0
