[1] W DRAM[0]
[101] W DRAM[10e7]
[102] W DRAM[0]
[202] W DRAM[2477]
[203] W DRAM[0]
[303] R DRAM[3e98]
[304] W DRAM[0]
[404] W DRAM[4768]
[405] W DRAM[0]
[505] W DRAM[5ae0]
[506] W DRAM[0]
[606] W DRAM[6d89]
[607] W DRAM[0]
[707] W DRAM[7a57]
[708] W DRAM[0]
[808] R DRAM[8568]
[809] W DRAM[0]
[909] R DRAM[931f]
[910] W DRAM[0]
[1010] W DRAM[af4e]
[1011] W DRAM[0]
[1111] R DRAM[b11d]
[1112] W DRAM[0]
[1212] W DRAM[ceef]
[1213] W DRAM[0]
[1313] W DRAM[d7d1]
[1314] W DRAM[0]
[1414] R DRAM[e265]
[1415] W DRAM[0]
[1515] W DRAM[feae]
[1516] W DRAM[0]
[1616] W DRAM[10a4e]
[1617] W DRAM[0]
[1717] R DRAM[11a3f]
[1718] W DRAM[0]
[1818] R DRAM[12f9e]
[1819] W DRAM[0]
[1919] R DRAM[13409]
[1920] W DRAM[0]
[2020] W DRAM[14cf6]
[2021] W DRAM[0]
[2121] W DRAM[152e7]
[2122] W DRAM[0]
[2222] R DRAM[16422]
[2223] W DRAM[0]
[2323] W DRAM[178ff]
[2324] W DRAM[0]
[2424] W DRAM[187d3]
[2425] W DRAM[0]
[2525] W DRAM[192bd]
[2526] W DRAM[0]
[2626] W DRAM[1aae3]
[2627] W DRAM[0]
[2727] W DRAM[1b9e4]
[2728] W DRAM[0]
[2828] R DRAM[1c23b]
[2829] W DRAM[0]
[2929] R DRAM[1d197]
[2930] W DRAM[0]
[3030] R DRAM[1e6e7]
[3031] W DRAM[0]
[3131] R DRAM[1ff1e]
[3132] W DRAM[0]
[3232] R DRAM[20c31]
[3233] W DRAM[0]
[3333] W DRAM[1000]
[3433] W DRAM[21958]
[3434] W DRAM[0]
[3534] W DRAM[2000]
[3634] R DRAM[2208a]
[3635] W DRAM[0]
[3735] R DRAM[23b8d]
[3736] W DRAM[0]
[3836] W DRAM[4000]
[3936] W DRAM[24e85]
[3937] W DRAM[0]
[4037] W DRAM[5000]
[4137] R DRAM[258ab]
[4138] W DRAM[0]
[4238] W DRAM[6000]
[4338] R DRAM[265ba]
[4339] W DRAM[0]
[4439] W DRAM[7000]
[4539] W DRAM[2726d]
[4540] W DRAM[0]
[4640] R DRAM[28ba5]
[4641] W DRAM[0]
[4741] W DRAM[29e09]
[4742] W DRAM[0]
[4842] W DRAM[a000]
[4942] W DRAM[2ad5e]
[4943] W DRAM[0]
[5043] R DRAM[2bca2]
[5044] W DRAM[0]
[5144] W DRAM[c000]
[5244] W DRAM[2c302]
[5245] W DRAM[0]
[5345] W DRAM[d000]
[5445] W DRAM[2d086]
[5446] W DRAM[0]
[5546] R DRAM[2e192]
[5547] W DRAM[0]
[5647] W DRAM[f000]
[5747] R DRAM[2f894]
[5748] W DRAM[0]
[5848] W DRAM[10000]
[5948] R DRAM[309d5]
[5949] W DRAM[0]
[6049] R DRAM[31bf9]
[6050] W DRAM[0]
[6150] R DRAM[32fda]
[6151] W DRAM[0]
[6251] R DRAM[3318b]
[6252] W DRAM[0]
[6352] W DRAM[14000]
[6452] W DRAM[3433f]
[6453] W DRAM[0]
[6553] W DRAM[15000]
[6653] W DRAM[35e03]
[6654] W DRAM[0]
[6754] R DRAM[361b2]
[6755] W DRAM[0]
[6855] W DRAM[17000]
[6955] R DRAM[3721f]
[6956] W DRAM[0]
[7056] W DRAM[18000]
[7156] R DRAM[38092]
[7157] W DRAM[0]
[7257] W DRAM[19000]
[7357] W DRAM[3951d]
[7358] W DRAM[0]
[7458] W DRAM[1a000]
[7558] R DRAM[3a473]
[7559] W DRAM[0]
[7659] W DRAM[1b000]
[7759] W DRAM[3b5c0]
[7760] W DRAM[0]
[7860] R DRAM[3ca62]
[7861] W DRAM[0]
[7961] W DRAM[3d370]
[7962] W DRAM[0]
[8062] R DRAM[3e278]
[8063] W DRAM[0]
[8163] R DRAM[3f6aa]
[8164] W DRAM[0]
[8264] R DRAM[40a40]
[8265] W DRAM[0]
[8365] W DRAM[21000]
[8465] R DRAM[41fd2]
[8466] W DRAM[0]
[8566] W DRAM[4251e]
[8567] W DRAM[0]
[8667] W DRAM[43dd7]
[8668] W DRAM[0]
[8768] W DRAM[24000]
[8868] R DRAM[4453d]
[8869] W DRAM[0]
[8969] R DRAM[45153]
[8970] W DRAM[0]
[9070] W DRAM[4658f]
[9071] W DRAM[0]
[9171] W DRAM[27000]
[9271] R DRAM[47693]
[9272] W DRAM[0]
[9372] R DRAM[4867a]
[9373] W DRAM[0]
[9473] W DRAM[29000]
[9573] R DRAM[490a5]
[9574] W DRAM[0]
[9674] W DRAM[2a000]
[9774] R DRAM[4a9cd]
[9775] W DRAM[0]
[9875] R DRAM[4b3e3]
[9876] W DRAM[0]
[9976] W DRAM[2c000]
[10076] W DRAM[4cf0e]
[10077] W DRAM[0]
[10177] W DRAM[2d000]
[10277] W DRAM[4dbbc]
[10278] W DRAM[0]
[10378] W DRAM[4e167]
[10379] W DRAM[0]
[10479] R DRAM[4f93e]
[10480] W DRAM[0]
[10580] W DRAM[50be5]
[10581] W DRAM[0]
[10681] W DRAM[51b41]
[10682] W DRAM[0]
[10782] R DRAM[5205e]
[10783] W DRAM[0]
[10883] R DRAM[53004]
[10884] W DRAM[0]
[10984] W DRAM[34000]
[11084] R DRAM[54aea]
[11085] W DRAM[0]
[11185] W DRAM[35000]
[11285] W DRAM[55b42]
[11286] W DRAM[0]
[11386] W DRAM[56dfd]
[11387] W DRAM[0]
[11487] R DRAM[572eb]
[11488] W DRAM[0]
[11588] R DRAM[5804d]
[11589] W DRAM[0]
[11689] W DRAM[39000]
[11789] W DRAM[5996e]
[11790] W DRAM[0]
[11890] W DRAM[5a43d]
[11891] W DRAM[0]
[11991] W DRAM[3b000]
[12091] R DRAM[5b5f6]
[12092] W DRAM[0]
[12192] W DRAM[5c501]
[12193] W DRAM[0]
[12293] W DRAM[3d000]
[12393] R DRAM[5d8c8]
[12394] W DRAM[0]
[12494] R DRAM[5e715]
[12495] W DRAM[0]
[12595] R DRAM[5f446]
[12596] W DRAM[0]
[12696] R DRAM[60838]
[12697] W DRAM[0]
[12797] W DRAM[61408]
[12798] W DRAM[0]
[12898] W DRAM[42000]
[12998] W DRAM[62ddb]
[12999] W DRAM[0]
[13099] W DRAM[43000]
[13199] R DRAM[63a52]
[13200] W DRAM[0]
[13300] W DRAM[640cc]
Elapsed: 13300 ns
Total instructions executed: 100
Total page faults: 100
Total page evictions: 0
Total TLB L1 hits: 0 (0.00%)
Total TLB L2 hits: 0 (0.00%)
Total TLB L1 invalidations: 0
Total TLB L2 invalidations: 0
