[3] W DRAM[0]
[103] R DRAM[10b2]
[104] W DRAM[1c96]
[105] R DRAM[14df]
[106] W DRAM[1024]
[107] W DRAM[16fb]
[110] W DRAM[0]
[210] W DRAM[2e8a]
[213] W DRAM[0]
[313] R DRAM[31e6]
[314] R DRAM[354d]
[315] R DRAM[32e5]
[316] R DRAM[362f]
[317] W DRAM[3613]
[318] W DRAM[377e]
[321] W DRAM[0]
[421] R DRAM[42a6]
[422] W DRAM[4680]
[423] W DRAM[492c]
[424] R DRAM[4453]
[425] R DRAM[41ca]
[426] R DRAM[4ec9]
[429] W DRAM[0]
[529] R DRAM[5da3]
[530] W DRAM[53dc]
[533] W DRAM[0]
[633] R DRAM[6170]
[634] W DRAM[6147]
[635] W DRAM[6649]
[636] R DRAM[6baa]
[637] W DRAM[6e80]
[638] R DRAM[6844]
[639] R DRAM[60db]
[640] R DRAM[6c33]
[641] R DRAM[6e68]
[642] W DRAM[64b8]
[643] W DRAM[6c18]
[644] R DRAM[6957]
[647] W DRAM[0]
[747] W DRAM[7b79]
[748] R DRAM[7e87]
[749] R DRAM[78ba]
[750] W DRAM[7258]
[751] W DRAM[72bb]
[752] W DRAM[7bd9]
[753] W DRAM[7516]
[754] W DRAM[7668]
[755] R DRAM[7cc2]
[756] R DRAM[71da]
[757] W DRAM[79e9]
[758] W DRAM[7a01]
[759] R DRAM[7d0f]
[760] W DRAM[7c7a]
[761] R DRAM[749a]
[762] W DRAM[7b96]
[763] R DRAM[7bb2]
[764] W DRAM[7d86]
[767] W DRAM[0]
[867] R DRAM[802a]
[868] W DRAM[8893]
[869] W DRAM[8265]
[870] R DRAM[83b8]
[871] R DRAM[82ac]
[874] W DRAM[0]
[974] W DRAM[9163]
[975] W DRAM[94f2]
[976] R DRAM[9734]
[977] W DRAM[9ca3]
[978] W DRAM[9709]
[979] W DRAM[9709]
[980] R DRAM[9e6b]
[981] R DRAM[9dd9]
[982] R DRAM[9574]
[983] R DRAM[9b05]
[984] W DRAM[92da]
[985] W DRAM[9ff7]
[986] W DRAM[9d43]
[987] R DRAM[9494]
[988] W DRAM[9d51]
[989] R DRAM[9cf3]
[990] W DRAM[9356]
[993] W DRAM[0]
[1093] W DRAM[a9e5]
[1094] W DRAM[a35f]
[1095] R DRAM[ac13]
[1096] R DRAM[a43c]
[1097] W DRAM[abd4]
[1098] R DRAM[a0b1]
[1099] W DRAM[aa81]
[1102] W DRAM[0]
[1202] W DRAM[bfd1]
[1205] W DRAM[0]
[1305] R DRAM[cb25]
[1306] R DRAM[c89b]
[1307] W DRAM[cb75]
[1308] W DRAM[c9dc]
[1309] W DRAM[cb10]
[1310] R DRAM[c7cc]
[1311] R DRAM[c771]
[1312] W DRAM[c457]
[1313] W DRAM[c9d5]
[1314] W DRAM[c700]
[1315] R DRAM[c0cf]
[1316] R DRAM[c2d3]
[1317] R DRAM[c105]
[1318] W DRAM[ca0c]
[1319] W DRAM[c053]
[1322] W DRAM[0]
[1422] W DRAM[d119]
[1423] R DRAM[d2d3]
[1424] W DRAM[d3d5]
[1425] W DRAM[d89b]
[1426] R DRAM[dab2]
Elapsed: 1426 ns
Total instructions executed: 100
Total page faults: 13
Total page evictions: 0
Total TLB L1 hits: 87 (87.00%)
Total TLB L2 hits: 0 (0.00%)
Total TLB L1 invalidations: 0
Total TLB L2 invalidations: 0
