[3] W DRAM[0]
[103] W DRAM[10e7]
[106] W DRAM[0]
[206] W DRAM[2477]
[209] W DRAM[0]
[309] R DRAM[3e98]
[312] W DRAM[0]
[412] W DRAM[4768]
[415] W DRAM[0]
[515] W DRAM[5ae0]
[518] W DRAM[0]
[618] W DRAM[6d89]
[621] W DRAM[0]
[721] W DRAM[7a57]
[724] W DRAM[0]
[824] R DRAM[8568]
[827] W DRAM[0]
[927] R DRAM[931f]
[930] W DRAM[0]
[1030] W DRAM[af4e]
[1033] W DRAM[0]
[1133] R DRAM[b11d]
[1136] W DRAM[0]
[1236] W DRAM[ceef]
[1239] W DRAM[0]
[1339] W DRAM[d7d1]
[1342] W DRAM[0]
[1442] R DRAM[e265]
[1445] W DRAM[0]
[1545] W DRAM[feae]
[1548] W DRAM[0]
[1648] W DRAM[10a4e]
[1651] W DRAM[0]
[1751] R DRAM[11a3f]
[1754] W DRAM[0]
[1854] R DRAM[12f9e]
[1857] W DRAM[0]
[1957] R DRAM[13409]
[1960] W DRAM[0]
[2060] W DRAM[14cf6]
[2063] W DRAM[0]
[2163] W DRAM[152e7]
[2166] W DRAM[0]
[2266] R DRAM[16422]
[2269] W DRAM[0]
[2369] W DRAM[178ff]
[2372] W DRAM[0]
[2472] W DRAM[187d3]
[2475] W DRAM[0]
[2575] W DRAM[192bd]
[2578] W DRAM[0]
[2678] W DRAM[1aae3]
[2681] W DRAM[0]
[2781] W DRAM[1b9e4]
[2784] W DRAM[0]
[2884] R DRAM[1c23b]
[2887] W DRAM[0]
[2987] R DRAM[1d197]
[2990] W DRAM[0]
[3090] R DRAM[1e6e7]
[3093] W DRAM[0]
[3193] R DRAM[1ff1e]
[3196] W DRAM[0]
[3296] R DRAM[20c31]
[3299] W DRAM[0]
[3399] W DRAM[21958]
[3402] W DRAM[0]
[3502] R DRAM[2208a]
[3505] W DRAM[0]
[3605] R DRAM[23b8d]
[3608] W DRAM[0]
[3708] W DRAM[24e85]
[3711] W DRAM[0]
[3811] R DRAM[258ab]
[3814] W DRAM[0]
[3914] R DRAM[265ba]
[3917] W DRAM[0]
[4017] W DRAM[2726d]
[4020] W DRAM[0]
[4120] R DRAM[28ba5]
[4123] W DRAM[0]
[4223] W DRAM[29e09]
[4226] W DRAM[0]
[4326] W DRAM[2ad5e]
[4329] W DRAM[0]
[4429] R DRAM[2bca2]
[4432] W DRAM[0]
[4532] W DRAM[2c302]
[4535] W DRAM[0]
[4635] W DRAM[2d086]
[4638] W DRAM[0]
[4738] R DRAM[2e192]
[4741] W DRAM[0]
[4841] R DRAM[2f894]
[4844] W DRAM[0]
[4944] R DRAM[309d5]
[4947] W DRAM[0]
[5047] R DRAM[31bf9]
[5050] W DRAM[0]
[5150] R DRAM[32fda]
[5153] W DRAM[0]
[5253] R DRAM[3318b]
[5256] W DRAM[0]
[5356] W DRAM[3433f]
[5359] W DRAM[0]
[5459] W DRAM[35e03]
[5462] W DRAM[0]
[5562] R DRAM[361b2]
[5565] W DRAM[0]
[5665] R DRAM[3721f]
[5668] W DRAM[0]
[5768] R DRAM[38092]
[5771] W DRAM[0]
[5871] W DRAM[3951d]
[5874] W DRAM[0]
[5974] R DRAM[3a473]
[5977] W DRAM[0]
[6077] W DRAM[3b5c0]
[6080] W DRAM[0]
[6180] R DRAM[3ca62]
[6183] W DRAM[0]
[6283] W DRAM[3d370]
[6286] W DRAM[0]
[6386] R DRAM[3e278]
[6389] W DRAM[0]
[6489] R DRAM[3f6aa]
[6492] W DRAM[0]
[6592] R DRAM[40a40]
[6595] W DRAM[0]
[6695] R DRAM[41fd2]
[6698] W DRAM[0]
[6798] W DRAM[4251e]
[6801] W DRAM[0]
[6901] W DRAM[43dd7]
[6904] W DRAM[0]
[7004] R DRAM[4453d]
[7007] W DRAM[0]
[7107] R DRAM[45153]
[7110] W DRAM[0]
[7210] W DRAM[4658f]
[7213] W DRAM[0]
[7313] R DRAM[47693]
[7316] W DRAM[0]
[7416] R DRAM[4867a]
[7419] W DRAM[0]
[7519] R DRAM[490a5]
[7522] W DRAM[0]
[7622] R DRAM[4a9cd]
[7625] W DRAM[0]
[7725] R DRAM[4b3e3]
[7728] W DRAM[0]
[7828] W DRAM[4cf0e]
[7831] W DRAM[0]
[7931] W DRAM[4dbbc]
[7934] W DRAM[0]
[8034] W DRAM[4e167]
[8037] W DRAM[0]
[8137] R DRAM[4f93e]
[8140] W DRAM[0]
[8240] W DRAM[50be5]
[8243] W DRAM[0]
[8343] W DRAM[51b41]
[8346] W DRAM[0]
[8446] R DRAM[5205e]
[8449] W DRAM[0]
[8549] R DRAM[53004]
[8552] W DRAM[0]
[8652] R DRAM[54aea]
[8655] W DRAM[0]
[8755] W DRAM[55b42]
[8758] W DRAM[0]
[8858] W DRAM[56dfd]
[8861] W DRAM[0]
[8961] R DRAM[572eb]
[8964] W DRAM[0]
[9064] R DRAM[5804d]
[9067] W DRAM[0]
[9167] W DRAM[5996e]
[9170] W DRAM[0]
[9270] W DRAM[5a43d]
[9273] W DRAM[0]
[9373] R DRAM[5b5f6]
[9376] W DRAM[0]
[9476] W DRAM[5c501]
[9479] W DRAM[0]
[9579] R DRAM[5d8c8]
[9582] W DRAM[0]
[9682] R DRAM[5e715]
[9685] W DRAM[0]
[9785] R DRAM[5f446]
[9788] W DRAM[0]
[9888] R DRAM[60838]
[9891] W DRAM[0]
[9991] W DRAM[61408]
[9994] W DRAM[0]
[10094] W DRAM[62ddb]
[10097] W DRAM[0]
[10197] R DRAM[63a52]
[10200] W DRAM[0]
[10300] W DRAM[640cc]
Elapsed: 10300 ns
Total instructions executed: 100
Total page faults: 100
Total page evictions: 0
Total TLB L1 hits: 0 (0.00%)
Total TLB L2 hits: 0 (0.00%)
Total TLB L1 invalidations: 0
Total TLB L2 invalidations: 0
